[0218/133913.941:ERROR:process_memory_win.cc(73)] ReadMemory at 0x7ff788c00000 of 64 bytes failed: Only part of a ReadProcessMemory or WriteProcessMemory request was completed. (0x12B)
[0218/133913.942:WARNING:pe_image_reader.cc(340)] could not read dos header from C:\Program Files (x86)\Google\Chrome\Application\chrome.exe
[0218/133913.942:ERROR:process_memory_win.cc(73)] ReadMemory at 0x7ffca33a0000 of 64 bytes failed: Only part of a ReadProcessMemory or WriteProcessMemory request was completed. (0x12B)
[0218/133913.942:WARNING:pe_image_reader.cc(340)] could not read dos header from C:\WINDOWS\SYSTEM32\ntdll.dll
[0218/133913.942:ERROR:process_memory_win.cc(73)] ReadMemory at 0x7ffca2190000 of 64 bytes failed: Only part of a ReadProcessMemory or WriteProcessMemory request was completed. (0x12B)
[0218/133913.944:WARNING:pe_image_reader.cc(340)] could not read dos header from C:\WINDOWS\System32\KERNEL32.DLL
[0218/133913.944:ERROR:process_memory_win.cc(73)] ReadMemory at 0x7ffca0580000 of 64 bytes failed: Only part of a ReadProcessMemory or WriteProcessMemory request was completed. (0x12B)
[0218/133913.944:WARNING:pe_image_reader.cc(340)] could not read dos header from C:\WINDOWS\System32\KERNELBASE.dll
[0218/133913.944:ERROR:process_memory_win.cc(73)] ReadMemory at 0x5d9f0000 of 64 bytes failed: Only part of a ReadProcessMemory or WriteProcessMemory request was completed. (0x12B)
[0218/133913.944:WARNING:pe_image_reader.cc(340)] could not read dos header from C:\WINDOWS\System32\SYSFER.DLL
[0218/133913.944:ERROR:process_memory_win.cc(73)] ReadMemory at 0x7ffca25c0000 of 64 bytes failed: Only part of a ReadProcessMemory or WriteProcessMemory request was completed. (0x12B)
[0218/133913.944:WARNING:pe_image_reader.cc(340)] could not read dos header from C:\WINDOWS\System32\ADVAPI32.dll
[0218/133913.944:ERROR:process_memory_win.cc(73)] ReadMemory at 0x7ffca15e0000 of 64 bytes failed: Only part of a ReadProcessMemory or WriteProcessMemory request was completed. (0x12B)
[0218/133913.944:WARNING:pe_image_reader.cc(340)] could not read dos header from C:\WINDOWS\System32\msvcrt.dll
[0218/133913.944:ERROR:process_memory_win.cc(73)] ReadMemory at 0x7ffca1fb0000 of 64 bytes failed: Only part of a ReadProcessMemory or WriteProcessMemory request was completed. (0x12B)
[0218/133913.944:WARNING:pe_image_reader.cc(340)] could not read dos header from C:\WINDOWS\System32\sechost.dll
[0218/133913.944:ERROR:process_memory_win.cc(73)] ReadMemory at 0x7ffca2400000 of 64 bytes failed: Only part of a ReadProcessMemory or WriteProcessMemory request was completed. (0x12B)
[0218/133913.944:WARNING:pe_image_reader.cc(340)] could not read dos header from C:\WINDOWS\System32\RPCRT4.dll
[0218/133913.944:ERROR:process_memory_win.cc(73)] ReadMemory at 0x7ffc54b60000 of 64 bytes failed: Only part of a ReadProcessMemory or WriteProcessMemory request was completed. (0x12B)
[0218/133913.944:WARNING:pe_image_reader.cc(340)] could not read dos header from C:\Program Files (x86)\Google\Chrome\Application\80.0.3987.106\chrome_elf.dll
[0218/133913.944:ERROR:process_memory_win.cc(73)] ReadMemory at 0x7ffc98700000 of 64 bytes failed: Only part of a ReadProcessMemory or WriteProcessMemory request was completed. (0x12B)
[0218/133913.944:WARNING:pe_image_reader.cc(340)] could not read dos header from C:\WINDOWS\SYSTEM32\VERSION.dll
[0218/133913.944:ERROR:process_memory_win.cc(73)] ReadMemory at 0x7ffca2050000 of 64 bytes failed: Only part of a ReadProcessMemory or WriteProcessMemory request was completed. (0x12B)
[0218/133913.944:WARNING:pe_image_reader.cc(340)] could not read dos header from C:\WINDOWS\System32\psapi.dll
[0218/133913.944:ERROR:process_memory_win.cc(73)] ReadMemory at 0x7ffca13d0000 of 64 bytes failed: Only part of a ReadProcessMemory or WriteProcessMemory request was completed. (0x12B)
[0218/133913.944:WARNING:pe_image_reader.cc(340)] could not read dos header from C:\WINDOWS\System32\bcryptPrimitives.dll
[0218/133913.944:ERROR:process_memory_win.cc(73)] ReadMemory at 0x7ffc481b0000 of 64 bytes failed: Only part of a ReadProcessMemory or WriteProcessMemory request was completed. (0x12B)
[0218/133913.944:WARNING:pe_image_reader.cc(340)] could not read dos header from C:\Program Files (x86)\Google\Chrome\Application\80.0.3987.106\chrome.dll
[0218/133913.945:ERROR:process_memory_win.cc(73)] ReadMemory at 0x7ffca1a50000 of 64 bytes failed: Only part of a ReadProcessMemory or WriteProcessMemory request was completed. (0x12B)
[0218/133913.945:WARNING:pe_image_reader.cc(340)] could not read dos header from C:\WINDOWS\System32\WS2_32.dll
[0218/133913.945:ERROR:process_memory_win.cc(73)] ReadMemory at 0x7ffca3290000 of 64 bytes failed: Only part of a ReadProcessMemory or WriteProcessMemory request was completed. (0x12B)
[0218/133913.945:WARNING:pe_image_reader.cc(340)] could not read dos header from C:\WINDOWS\System32\OLEAUT32.dll
[0218/133913.945:ERROR:process_memory_win.cc(73)] ReadMemory at 0x7ffca0930000 of 64 bytes failed: Only part of a ReadProcessMemory or WriteProcessMemory request was completed. (0x12B)
[0218/133913.945:WARNING:pe_image_reader.cc(340)] could not read dos header from C:\WINDOWS\System32\msvcp_win.dll
[0218/133913.945:ERROR:process_memory_win.cc(73)] ReadMemory at 0x7ffca0830000 of 64 bytes failed: Only part of a ReadProcessMemory or WriteProcessMemory request was completed. (0x12B)
[0218/133913.945:WARNING:pe_image_reader.cc(340)] could not read dos header from C:\WINDOWS\System32\ucrtbase.dll
[0218/133913.945:ERROR:process_memory_win.cc(73)] ReadMemory at 0x7ffca1c70000 of 64 bytes failed: Only part of a ReadProcessMemory or WriteProcessMemory request was completed. (0x12B)
[0218/133913.945:WARNING:pe_image_reader.cc(340)] could not read dos header from C:\WINDOWS\System32\combase.dll
[0218/133913.945:ERROR:process_memory_win.cc(73)] ReadMemory at 0x7ffca1340000 of 64 bytes failed: Only part of a ReadProcessMemory or WriteProcessMemory request was completed. (0x12B)
[0218/133913.945:WARNING:pe_image_reader.cc(340)] could not read dos header from C:\WINDOWS\System32\WINTRUST.dll
[0218/133913.945:ERROR:process_memory_win.cc(73)] ReadMemory at 0x7ffca0280000 of 64 bytes failed: Only part of a ReadProcessMemory or WriteProcessMemory request was completed. (0x12B)
[0218/133913.945:WARNING:pe_image_reader.cc(340)] could not read dos header from C:\WINDOWS\System32\MSASN1.dll
[0218/133913.945:ERROR:process_memory_win.cc(73)] ReadMemory at 0x7ffca0330000 of 64 bytes failed: Only part of a ReadProcessMemory or WriteProcessMemory request was completed. (0x12B)
[0218/133913.945:WARNING:pe_image_reader.cc(340)] could not read dos header from C:\WINDOWS\System32\CRYPT32.dll
[0218/133913.945:ERROR:process_memory_win.cc(73)] ReadMemory at 0x7ffc9f7f0000 of 64 bytes failed: Only part of a ReadProcessMemory or WriteProcessMemory request was completed. (0x12B)
[0218/133913.945:WARNING:pe_image_reader.cc(340)] could not read dos header from C:\WINDOWS\SYSTEM32\IPHLPAPI.DLL
[0218/133913.945:ERROR:process_memory_win.cc(73)] ReadMemory at 0x7ffc9c100000 of 64 bytes failed: Only part of a ReadProcessMemory or WriteProcessMemory request was completed. (0x12B)
[0218/133913.945:WARNING:pe_image_reader.cc(340)] could not read dos header from C:\WINDOWS\SYSTEM32\WINMM.dll
[0218/133913.945:ERROR:process_memory_win.cc(73)] ReadMemory at 0x7ffc9f2b0000 of 64 bytes failed: Only part of a ReadProcessMemory or WriteProcessMemory request was completed. (0x12B)
[0218/133913.945:WARNING:pe_image_reader.cc(340)] could not read dos header from C:\WINDOWS\SYSTEM32\Secur32.dll
[0218/133913.946:ERROR:process_memory_win.cc(73)] ReadMemory at 0x7ffca0190000 of 64 bytes failed: Only part of a ReadProcessMemory or WriteProcessMemory request was completed. (0x12B)
[0218/133913.946:WARNING:pe_image_reader.cc(340)] could not read dos header from C:\WINDOWS\SYSTEM32\USERENV.dll
[0218/133913.946:ERROR:process_memory_win.cc(73)] ReadMemory at 0x7ffca02a0000 of 64 bytes failed: Only part of a ReadProcessMemory or WriteProcessMemory request was completed. (0x12B)
[0218/133913.946:WARNING:pe_image_reader.cc(340)] could not read dos header from C:\WINDOWS\System32\profapi.dll
[0218/133913.946:ERROR:process_memory_win.cc(73)] ReadMemory at 0x7ffc64c60000 of 64 bytes failed: Only part of a ReadProcessMemory or WriteProcessMemory request was completed. (0x12B)
[0218/133913.946:WARNING:pe_image_reader.cc(340)] could not read dos header from C:\WINDOWS\SYSTEM32\UIAutomationCore.DLL
[0218/133913.946:ERROR:process_memory_win.cc(73)] ReadMemory at 0x7ffc8ae90000 of 64 bytes failed: Only part of a ReadProcessMemory or WriteProcessMemory request was completed. (0x12B)
[0218/133913.946:WARNING:pe_image_reader.cc(340)] could not read dos header from C:\WINDOWS\SYSTEM32\DWrite.dll
[0218/133913.946:ERROR:process_memory_win.cc(73)] ReadMemory at 0x7ffc89a50000 of 64 bytes failed: Only part of a ReadProcessMemory or WriteProcessMemory request was completed. (0x12B)
[0218/133913.946:WARNING:pe_image_reader.cc(340)] could not read dos header from C:\WINDOWS\SYSTEM32\WINSPOOL.DRV
[0218/133913.946:ERROR:process_memory_win.cc(73)] ReadMemory at 0x7ffca02c0000 of 64 bytes failed: Only part of a ReadProcessMemory or WriteProcessMemory request was completed. (0x12B)
[0218/133913.946:WARNING:pe_image_reader.cc(340)] could not read dos header from C:\WINDOWS\System32\kernel.appcore.dll
[0218/133913.946:ERROR:process_memory_win.cc(73)] ReadMemory at 0x7ffca09f0000 of 64 bytes failed: Only part of a ReadProcessMemory or WriteProcessMemory request was completed. (0x12B)
[0218/133913.946:WARNING:pe_image_reader.cc(340)] could not read dos header from C:\WINDOWS\System32\bcrypt.dll
[0218/133913.946:ERROR:process_memory_win.cc(73)] ReadMemory at 0x7ffc9e8c0000 of 64 bytes failed: Only part of a ReadProcessMemory or WriteProcessMemory request was completed. (0x12B)
[0218/133913.946:WARNING:pe_image_reader.cc(340)] could not read dos header from C:\WINDOWS\SYSTEM32\dbghelp.dll
[0218/133913.946:ERROR:process_memory_win.cc(73)] ReadMemory at 0x7ffc99d50000 of 64 bytes failed: Only part of a ReadProcessMemory or WriteProcessMemory request was completed. (0x12B)
[0218/133913.946:WARNING:pe_image_reader.cc(340)] could not read dos header from C:\WINDOWS\SYSTEM32\WINHTTP.dll
[0218/133913.946:ERROR:process_memory_win.cc(73)] ReadMemory at 0x7ffc98d00000 of 64 bytes failed: Only part of a ReadProcessMemory or WriteProcessMemory request was completed. (0x12B)
[0218/133913.946:WARNING:pe_image_reader.cc(340)] could not read dos header from C:\WINDOWS\SYSTEM32\dhcpcsvc.DLL
[0218/133913.947:ERROR:process_memory_win.cc(73)] ReadMemory at 0x7ffca2e10000 of 64 bytes failed: Only part of a ReadProcessMemory or WriteProcessMemory request was completed. (0x12B)
[0218/133913.947:WARNING:pe_image_reader.cc(340)] could not read dos header from C:\WINDOWS\System32\NSI.dll
[0218/133913.947:ERROR:process_memory_win.cc(73)] ReadMemory at 0x7ffc9c040000 of 64 bytes failed: Only part of a ReadProcessMemory or WriteProcessMemory request was completed. (0x12B)
[0218/133913.947:WARNING:pe_image_reader.cc(340)] could not read dos header from C:\WINDOWS\SYSTEM32\WINMMBASE.dll
[0218/133913.947:ERROR:process_memory_win.cc(73)] ReadMemory at 0x7ffca0480000 of 64 bytes failed: Only part of a ReadProcessMemory or WriteProcessMemory request was completed. (0x12B)
[0218/133913.947:WARNING:pe_image_reader.cc(340)] could not read dos header from C:\WINDOWS\System32\cfgmgr32.dll
[0218/133913.947:ERROR:process_memory_win.cc(73)] ReadMemory at 0x7ffc9e550000 of 64 bytes failed: Only part of a ReadProcessMemory or WriteProcessMemory request was completed. (0x12B)
[0218/133913.947:WARNING:pe_image_reader.cc(340)] could not read dos header from C:\WINDOWS\SYSTEM32\PROPSYS.dll
[0218/133913.947:ERROR:process_memory_win.cc(73)] ReadMemory at 0x7ffca20e0000 of 64 bytes failed: Only part of a ReadProcessMemory or WriteProcessMemory request was completed. (0x12B)
[0218/133913.947:WARNING:pe_image_reader.cc(340)] could not read dos header from C:\WINDOWS\System32\shcore.dll
[0218/133913.947:ERROR:process_memory_win.cc(73)] ReadMemory at 0x7ffca0160000 of 64 bytes failed: Only part of a ReadProcessMemory or WriteProcessMemory request was completed. (0x12B)
[0218/133913.947:WARNING:pe_image_reader.cc(340)] could not read dos header from C:\WINDOWS\SYSTEM32\SSPICLI.DLL
[0218/133913.947:ERROR:process_memory_win.cc(73)] ReadMemory at 0x7ffc9fcb0000 of 64 bytes failed: Only part of a ReadProcessMemory or WriteProcessMemory request was completed. (0x12B)
[0218/133913.947:WARNING:pe_image_reader.cc(340)] could not read dos header from C:\WINDOWS\SYSTEM32\CRYPTBASE.DLL
[0218/133913.947:ERROR:process_memory_win.cc(73)] ReadMemory at 0x7ff788c00000 of 64 bytes failed: Only part of a ReadProcessMemory or WriteProcessMemory request was completed. (0x12B)
[0218/133913.947:WARNING:pe_image_reader.cc(340)] could not read dos header from C:\Program Files (x86)\Google\Chrome\Application\chrome.exe
[0218/133913.947:ERROR:process_memory_win.cc(73)] ReadMemory at 0x7ffca33a0000 of 64 bytes failed: Only part of a ReadProcessMemory or WriteProcessMemory request was completed. (0x12B)
[0218/133913.947:WARNING:pe_image_reader.cc(340)] could not read dos header from C:\WINDOWS\SYSTEM32\ntdll.dll
[0218/133913.947:ERROR:process_memory_win.cc(73)] ReadMemory at 0x7ffca2190000 of 64 bytes failed: Only part of a ReadProcessMemory or WriteProcessMemory request was completed. (0x12B)
[0218/133913.947:WARNING:pe_image_reader.cc(340)] could not read dos header from C:\WINDOWS\System32\KERNEL32.DLL
[0218/133913.947:ERROR:process_memory_win.cc(73)] ReadMemory at 0x7ffca0580000 of 64 bytes failed: Only part of a ReadProcessMemory or WriteProcessMemory request was completed. (0x12B)
[0218/133913.948:WARNING:pe_image_reader.cc(340)] could not read dos header from C:\WINDOWS\System32\KERNELBASE.dll
[0218/133913.948:ERROR:process_memory_win.cc(73)] ReadMemory at 0x5d9f0000 of 64 bytes failed: Only part of a ReadProcessMemory or WriteProcessMemory request was completed. (0x12B)
[0218/133913.948:WARNING:pe_image_reader.cc(340)] could not read dos header from C:\WINDOWS\System32\SYSFER.DLL
[0218/133913.948:ERROR:process_memory_win.cc(73)] ReadMemory at 0x7ffca25c0000 of 64 bytes failed: Only part of a ReadProcessMemory or WriteProcessMemory request was completed. (0x12B)
[0218/133913.948:WARNING:pe_image_reader.cc(340)] could not read dos header from C:\WINDOWS\System32\ADVAPI32.dll
[0218/133913.948:ERROR:process_memory_win.cc(73)] ReadMemory at 0x7ffca15e0000 of 64 bytes failed: Only part of a ReadProcessMemory or WriteProcessMemory request was completed. (0x12B)
[0218/133913.948:WARNING:pe_image_reader.cc(340)] could not read dos header from C:\WINDOWS\System32\msvcrt.dll
[0218/133913.948:ERROR:process_memory_win.cc(73)] ReadMemory at 0x7ffca1fb0000 of 64 bytes failed: Only part of a ReadProcessMemory or WriteProcessMemory request was completed. (0x12B)
[0218/133913.948:WARNING:pe_image_reader.cc(340)] could not read dos header from C:\WINDOWS\System32\sechost.dll
[0218/133913.948:ERROR:process_memory_win.cc(73)] ReadMemory at 0x7ffca2400000 of 64 bytes failed: Only part of a ReadProcessMemory or WriteProcessMemory request was completed. (0x12B)
[0218/133913.948:WARNING:pe_image_reader.cc(340)] could not read dos header from C:\WINDOWS\System32\RPCRT4.dll
[0218/133913.948:ERROR:process_memory_win.cc(73)] ReadMemory at 0x7ffc54b60000 of 64 bytes failed: Only part of a ReadProcessMemory or WriteProcessMemory request was completed. (0x12B)
[0218/133913.948:WARNING:pe_image_reader.cc(340)] could not read dos header from C:\Program Files (x86)\Google\Chrome\Application\80.0.3987.106\chrome_elf.dll
[0218/133913.948:ERROR:process_memory_win.cc(73)] ReadMemory at 0x7ffc98700000 of 64 bytes failed: Only part of a ReadProcessMemory or WriteProcessMemory request was completed. (0x12B)
[0218/133913.948:WARNING:pe_image_reader.cc(340)] could not read dos header from C:\WINDOWS\SYSTEM32\VERSION.dll
[0218/133913.948:ERROR:process_memory_win.cc(73)] ReadMemory at 0x7ffca2050000 of 64 bytes failed: Only part of a ReadProcessMemory or WriteProcessMemory request was completed. (0x12B)
[0218/133913.948:WARNING:pe_image_reader.cc(340)] could not read dos header from C:\WINDOWS\System32\psapi.dll
[0218/133913.948:ERROR:process_memory_win.cc(73)] ReadMemory at 0x7ffca13d0000 of 64 bytes failed: Only part of a ReadProcessMemory or WriteProcessMemory request was completed. (0x12B)
[0218/133913.948:WARNING:pe_image_reader.cc(340)] could not read dos header from C:\WINDOWS\System32\bcryptPrimitives.dll
[0218/133913.949:ERROR:process_memory_win.cc(73)] ReadMemory at 0x7ffc481b0000 of 64 bytes failed: Only part of a ReadProcessMemory or WriteProcessMemory request was completed. (0x12B)
[0218/133913.949:WARNING:pe_image_reader.cc(340)] could not read dos header from C:\Program Files (x86)\Google\Chrome\Application\80.0.3987.106\chrome.dll
[0218/133913.949:ERROR:process_memory_win.cc(73)] ReadMemory at 0x7ffca1a50000 of 64 bytes failed: Only part of a ReadProcessMemory or WriteProcessMemory request was completed. (0x12B)
[0218/133913.949:WARNING:pe_image_reader.cc(340)] could not read dos header from C:\WINDOWS\System32\WS2_32.dll
[0218/133913.949:ERROR:process_memory_win.cc(73)] ReadMemory at 0x7ffca3290000 of 64 bytes failed: Only part of a ReadProcessMemory or WriteProcessMemory request was completed. (0x12B)
[0218/133913.949:WARNING:pe_image_reader.cc(340)] could not read dos header from C:\WINDOWS\System32\OLEAUT32.dll
[0218/133913.949:ERROR:process_memory_win.cc(73)] ReadMemory at 0x7ffca0930000 of 64 bytes failed: Only part of a ReadProcessMemory or WriteProcessMemory request was completed. (0x12B)
[0218/133913.949:WARNING:pe_image_reader.cc(340)] could not read dos header from C:\WINDOWS\System32\msvcp_win.dll
[0218/133913.949:ERROR:process_memory_win.cc(73)] ReadMemory at 0x7ffca0830000 of 64 bytes failed: Only part of a ReadProcessMemory or WriteProcessMemory request was completed. (0x12B)
[0218/133913.949:WARNING:pe_image_reader.cc(340)] could not read dos header from C:\WINDOWS\System32\ucrtbase.dll
[0218/133913.949:ERROR:process_memory_win.cc(73)] ReadMemory at 0x7ffca1c70000 of 64 bytes failed: Only part of a ReadProcessMemory or WriteProcessMemory request was completed. (0x12B)
[0218/133913.949:WARNING:pe_image_reader.cc(340)] could not read dos header from C:\WINDOWS\System32\combase.dll
[0218/133913.949:ERROR:process_memory_win.cc(73)] ReadMemory at 0x7ffca1340000 of 64 bytes failed: Only part of a ReadProcessMemory or WriteProcessMemory request was completed. (0x12B)
[0218/133913.949:WARNING:pe_image_reader.cc(340)] could not read dos header from C:\WINDOWS\System32\WINTRUST.dll
[0218/133913.949:ERROR:process_memory_win.cc(73)] ReadMemory at 0x7ffca0280000 of 64 bytes failed: Only part of a ReadProcessMemory or WriteProcessMemory request was completed. (0x12B)
[0218/133913.949:WARNING:pe_image_reader.cc(340)] could not read dos header from C:\WINDOWS\System32\MSASN1.dll
[0218/133913.949:ERROR:process_memory_win.cc(73)] ReadMemory at 0x7ffca0330000 of 64 bytes failed: Only part of a ReadProcessMemory or WriteProcessMemory request was completed. (0x12B)
[0218/133913.950:WARNING:pe_image_reader.cc(340)] could not read dos header from C:\WINDOWS\System32\CRYPT32.dll
[0218/133913.950:ERROR:process_memory_win.cc(73)] ReadMemory at 0x7ffc9f7f0000 of 64 bytes failed: Only part of a ReadProcessMemory or WriteProcessMemory request was completed. (0x12B)
[0218/133913.950:WARNING:pe_image_reader.cc(340)] could not read dos header from C:\WINDOWS\SYSTEM32\IPHLPAPI.DLL
[0218/133913.950:ERROR:process_memory_win.cc(73)] ReadMemory at 0x7ffc9c100000 of 64 bytes failed: Only part of a ReadProcessMemory or WriteProcessMemory request was completed. (0x12B)
[0218/133913.950:WARNING:pe_image_reader.cc(340)] could not read dos header from C:\WINDOWS\SYSTEM32\WINMM.dll
[0218/133913.950:ERROR:process_memory_win.cc(73)] ReadMemory at 0x7ffc9f2b0000 of 64 bytes failed: Only part of a ReadProcessMemory or WriteProcessMemory request was completed. (0x12B)
[0218/133913.950:WARNING:pe_image_reader.cc(340)] could not read dos header from C:\WINDOWS\SYSTEM32\Secur32.dll
[0218/133913.950:ERROR:process_memory_win.cc(73)] ReadMemory at 0x7ffca0190000 of 64 bytes failed: Only part of a ReadProcessMemory or WriteProcessMemory request was completed. (0x12B)
[0218/133913.950:WARNING:pe_image_reader.cc(340)] could not read dos header from C:\WINDOWS\SYSTEM32\USERENV.dll
[0218/133913.950:ERROR:process_memory_win.cc(73)] ReadMemory at 0x7ffca02a0000 of 64 bytes failed: Only part of a ReadProcessMemory or WriteProcessMemory request was completed. (0x12B)
[0218/133913.950:WARNING:pe_image_reader.cc(340)] could not read dos header from C:\WINDOWS\System32\profapi.dll
[0218/133913.950:ERROR:process_memory_win.cc(73)] ReadMemory at 0x7ffc64c60000 of 64 bytes failed: Only part of a ReadProcessMemory or WriteProcessMemory request was completed. (0x12B)
[0218/133913.950:WARNING:pe_image_reader.cc(340)] could not read dos header from C:\WINDOWS\SYSTEM32\UIAutomationCore.DLL
[0218/133913.950:ERROR:process_memory_win.cc(73)] ReadMemory at 0x7ffc8ae90000 of 64 bytes failed: Only part of a ReadProcessMemory or WriteProcessMemory request was completed. (0x12B)
[0218/133913.950:WARNING:pe_image_reader.cc(340)] could not read dos header from C:\WINDOWS\SYSTEM32\DWrite.dll
[0218/133913.950:ERROR:process_memory_win.cc(73)] ReadMemory at 0x7ffc89a50000 of 64 bytes failed: Only part of a ReadProcessMemory or WriteProcessMemory request was completed. (0x12B)
[0218/133913.950:WARNING:pe_image_reader.cc(340)] could not read dos header from C:\WINDOWS\SYSTEM32\WINSPOOL.DRV
[0218/133913.950:ERROR:process_memory_win.cc(73)] ReadMemory at 0x7ffca02c0000 of 64 bytes failed: Only part of a ReadProcessMemory or WriteProcessMemory request was completed. (0x12B)
[0218/133913.950:WARNING:pe_image_reader.cc(340)] could not read dos header from C:\WINDOWS\System32\kernel.appcore.dll
[0218/133913.950:ERROR:process_memory_win.cc(73)] ReadMemory at 0x7ffca09f0000 of 64 bytes failed: Only part of a ReadProcessMemory or WriteProcessMemory request was completed. (0x12B)
[0218/133913.950:WARNING:pe_image_reader.cc(340)] could not read dos header from C:\WINDOWS\System32\bcrypt.dll
[0218/133913.951:ERROR:process_memory_win.cc(73)] ReadMemory at 0x7ffc9e8c0000 of 64 bytes failed: Only part of a ReadProcessMemory or WriteProcessMemory request was completed. (0x12B)
[0218/133913.951:WARNING:pe_image_reader.cc(340)] could not read dos header from C:\WINDOWS\SYSTEM32\dbghelp.dll
[0218/133913.951:ERROR:process_memory_win.cc(73)] ReadMemory at 0x7ffc99d50000 of 64 bytes failed: Only part of a ReadProcessMemory or WriteProcessMemory request was completed. (0x12B)
[0218/133913.951:WARNING:pe_image_reader.cc(340)] could not read dos header from C:\WINDOWS\SYSTEM32\WINHTTP.dll
[0218/133913.951:ERROR:process_memory_win.cc(73)] ReadMemory at 0x7ffc98d00000 of 64 bytes failed: Only part of a ReadProcessMemory or WriteProcessMemory request was completed. (0x12B)
[0218/133913.951:WARNING:pe_image_reader.cc(340)] could not read dos header from C:\WINDOWS\SYSTEM32\dhcpcsvc.DLL
[0218/133913.951:ERROR:process_memory_win.cc(73)] ReadMemory at 0x7ffca2e10000 of 64 bytes failed: Only part of a ReadProcessMemory or WriteProcessMemory request was completed. (0x12B)
[0218/133913.951:WARNING:pe_image_reader.cc(340)] could not read dos header from C:\WINDOWS\System32\NSI.dll
[0218/133913.951:ERROR:process_memory_win.cc(73)] ReadMemory at 0x7ffc9c040000 of 64 bytes failed: Only part of a ReadProcessMemory or WriteProcessMemory request was completed. (0x12B)
[0218/133913.951:WARNING:pe_image_reader.cc(340)] could not read dos header from C:\WINDOWS\SYSTEM32\WINMMBASE.dll
[0218/133913.951:ERROR:process_memory_win.cc(73)] ReadMemory at 0x7ffca0480000 of 64 bytes failed: Only part of a ReadProcessMemory or WriteProcessMemory request was completed. (0x12B)
[0218/133913.951:WARNING:pe_image_reader.cc(340)] could not read dos header from C:\WINDOWS\System32\cfgmgr32.dll
[0218/133913.951:ERROR:process_memory_win.cc(73)] ReadMemory at 0x7ffc9e550000 of 64 bytes failed: Only part of a ReadProcessMemory or WriteProcessMemory request was completed. (0x12B)
[0218/133913.951:WARNING:pe_image_reader.cc(340)] could not read dos header from C:\WINDOWS\SYSTEM32\PROPSYS.dll
[0218/133913.951:ERROR:process_memory_win.cc(73)] ReadMemory at 0x7ffca20e0000 of 64 bytes failed: Only part of a ReadProcessMemory or WriteProcessMemory request was completed. (0x12B)
[0218/133913.951:WARNING:pe_image_reader.cc(340)] could not read dos header from C:\WINDOWS\System32\shcore.dll
[0218/133913.951:ERROR:process_memory_win.cc(73)] ReadMemory at 0x7ffca0160000 of 64 bytes failed: Only part of a ReadProcessMemory or WriteProcessMemory request was completed. (0x12B)
[0218/133913.951:WARNING:pe_image_reader.cc(340)] could not read dos header from C:\WINDOWS\SYSTEM32\SSPICLI.DLL
[0218/133913.951:ERROR:process_memory_win.cc(73)] ReadMemory at 0x7ffc9fcb0000 of 64 bytes failed: Only part of a ReadProcessMemory or WriteProcessMemory request was completed. (0x12B)
[0218/133913.951:WARNING:pe_image_reader.cc(340)] could not read dos header from C:\WINDOWS\SYSTEM32\CRYPTBASE.DLL
[0218/133913.963:ERROR:process_memory_win.cc(73)] ReadMemory at 0x8f363f9000 of 28672 bytes failed: Only part of a ReadProcessMemory or WriteProcessMemory request was completed. (0x12B)
[0218/133913.963:ERROR:process_memory_win.cc(73)] ReadMemory at 0x8f36bfd000 of 12288 bytes failed: Only part of a ReadProcessMemory or WriteProcessMemory request was completed. (0x12B)
[0218/133913.963:ERROR:process_memory_win.cc(73)] ReadMemory at 0x8f37bfc000 of 16384 bytes failed: Only part of a ReadProcessMemory or WriteProcessMemory request was completed. (0x12B)
[0218/133913.963:ERROR:process_memory_win.cc(73)] ReadMemory at 0x8f383fc000 of 16384 bytes failed: Only part of a ReadProcessMemory or WriteProcessMemory request was completed. (0x12B)
[0218/133913.963:ERROR:process_memory_win.cc(73)] ReadMemory at 0x8f38bfe000 of 8192 bytes failed: Only part of a ReadProcessMemory or WriteProcessMemory request was completed. (0x12B)
[0218/133913.963:ERROR:process_memory_win.cc(73)] ReadMemory at 0x8f393fd000 of 12288 bytes failed: Only part of a ReadProcessMemory or WriteProcessMemory request was completed. (0x12B)
[0218/133913.963:ERROR:process_memory_win.cc(73)] ReadMemory at 0x8f39bfd000 of 12288 bytes failed: Only part of a ReadProcessMemory or WriteProcessMemory request was completed. (0x12B)
[0218/133913.963:ERROR:process_memory_win.cc(73)] ReadMemory at 0x8f3abfd000 of 12288 bytes failed: Only part of a ReadProcessMemory or WriteProcessMemory request was completed. (0x12B)
[0218/133913.963:ERROR:process_memory_win.cc(73)] ReadMemory at 0x8f3b3fd000 of 12288 bytes failed: Only part of a ReadProcessMemory or WriteProcessMemory request was completed. (0x12B)
[0218/133913.963:ERROR:process_memory_win.cc(73)] ReadMemory at 0x8f3bbfd000 of 12288 bytes failed: Only part of a ReadProcessMemory or WriteProcessMemory request was completed. (0x12B)
[0218/133913.963:ERROR:process_memory_win.cc(73)] ReadMemory at 0x8f3c3fd000 of 12288 bytes failed: Only part of a ReadProcessMemory or WriteProcessMemory request was completed. (0x12B)
[0218/133913.964:ERROR:process_memory_win.cc(73)] ReadMemory at 0x8f3cbfd000 of 12288 bytes failed: Only part of a ReadProcessMemory or WriteProcessMemory request was completed. (0x12B)
[0218/133913.964:ERROR:process_memory_win.cc(73)] ReadMemory at 0x8f3f3fd000 of 12288 bytes failed: Only part of a ReadProcessMemory or WriteProcessMemory request was completed. (0x12B)
[0218/133913.964:ERROR:process_memory_win.cc(73)] ReadMemory at 0x8f373fd000 of 12288 bytes failed: Only part of a ReadProcessMemory or WriteProcessMemory request was completed. (0x12B)
[0218/133913.964:ERROR:process_memory_win.cc(73)] ReadMemory at 0x8f35b24000 of 852 bytes failed: Only part of a ReadProcessMemory or WriteProcessMemory request was completed. (0x12B)
[0218/133913.964:ERROR:process_memory_win.cc(73)] ReadMemory at 0x8f35b25000 of 6024 bytes failed: Only part of a ReadProcessMemory or WriteProcessMemory request was completed. (0x12B)
[0218/133913.964:ERROR:process_memory_win.cc(73)] ReadMemory at 0x8f35b29000 of 6024 bytes failed: Only part of a ReadProcessMemory or WriteProcessMemory request was completed. (0x12B)
[0218/133913.964:ERROR:process_memory_win.cc(73)] ReadMemory at 0x8f35b2d000 of 6024 bytes failed: Only part of a ReadProcessMemory or WriteProcessMemory request was completed. (0x12B)
[0218/133913.964:ERROR:process_memory_win.cc(73)] ReadMemory at 0x8f35b2f000 of 6024 bytes failed: Only part of a ReadProcessMemory or WriteProcessMemory request was completed. (0x12B)
[0218/133913.964:ERROR:process_memory_win.cc(73)] ReadMemory at 0x8f35b31000 of 6024 bytes failed: Only part of a ReadProcessMemory or WriteProcessMemory request was completed. (0x12B)
[0218/133913.964:ERROR:process_memory_win.cc(73)] ReadMemory at 0x8f35b33000 of 6024 bytes failed: Only part of a ReadProcessMemory or WriteProcessMemory request was completed. (0x12B)
[0218/133913.964:ERROR:process_memory_win.cc(73)] ReadMemory at 0x8f35b35000 of 6024 bytes failed: Only part of a ReadProcessMemory or WriteProcessMemory request was completed. (0x12B)
[0218/133913.964:ERROR:process_memory_win.cc(73)] ReadMemory at 0x8f35b39000 of 6024 bytes failed: Only part of a ReadProcessMemory or WriteProcessMemory request was completed. (0x12B)
[0218/133913.965:ERROR:process_memory_win.cc(73)] ReadMemory at 0x8f35b3b000 of 6024 bytes failed: Only part of a ReadProcessMemory or WriteProcessMemory request was completed. (0x12B)
[0218/133913.965:ERROR:process_memory_win.cc(73)] ReadMemory at 0x8f35b3d000 of 6024 bytes failed: Only part of a ReadProcessMemory or WriteProcessMemory request was completed. (0x12B)
[0218/133913.965:ERROR:process_memory_win.cc(73)] ReadMemory at 0x8f35b3f000 of 6024 bytes failed: Only part of a ReadProcessMemory or WriteProcessMemory request was completed. (0x12B)
[0218/133913.965:ERROR:process_memory_win.cc(73)] ReadMemory at 0x8f35b41000 of 6024 bytes failed: Only part of a ReadProcessMemory or WriteProcessMemory request was completed. (0x12B)
[0218/133913.965:ERROR:process_memory_win.cc(73)] ReadMemory at 0x8f35b4d000 of 6024 bytes failed: Only part of a ReadProcessMemory or WriteProcessMemory request was completed. (0x12B)
[0218/133913.965:ERROR:process_memory_win.cc(73)] ReadMemory at 0x8f35b4f000 of 6024 bytes failed: Only part of a ReadProcessMemory or WriteProcessMemory request was completed. (0x12B)
[0218/133913.965:ERROR:process_memory_win.cc(73)] ReadMemory at 0x21384df0fe0 of 5736 bytes failed: Only part of a ReadProcessMemory or WriteProcessMemory request was completed. (0x12B)
[0218/133913.965:ERROR:process_memory_win.cc(73)] ReadMemory at 0x21384df2650 of 1012 bytes failed: Only part of a ReadProcessMemory or WriteProcessMemory request was completed. (0x12B)
[0218/133913.965:ERROR:process_memory_win.cc(73)] ReadMemory at 0x21384df2c98 of 118 bytes failed: Only part of a ReadProcessMemory or WriteProcessMemory request was completed. (0x12B)
[0218/133913.965:ERROR:process_memory_win.cc(73)] ReadMemory at 0x21384df2d10 of 760 bytes failed: Only part of a ReadProcessMemory or WriteProcessMemory request was completed. (0x12B)
[0218/133913.965:ERROR:process_memory_win.cc(73)] ReadMemory at 0x21384df300a of 118 bytes failed: Only part of a ReadProcessMemory or WriteProcessMemory request was completed. (0x12B)
[0218/133913.965:ERROR:process_memory_win.cc(73)] ReadMemory at 0x21384df3082 of 102 bytes failed: Only part of a ReadProcessMemory or WriteProcessMemory request was completed. (0x12B)
[0218/133913.966:ERROR:process_memory_win.cc(73)] ReadMemory at 0x21384df3100 of 58 bytes failed: Only part of a ReadProcessMemory or WriteProcessMemory request was completed. (0x12B)
[0218/133913.966:ERROR:process_memory_win.cc(73)] ReadMemory at 0x21384df3200 of 132 bytes failed: Only part of a ReadProcessMemory or WriteProcessMemory request was completed. (0x12B)
[0218/133913.966:ERROR:process_memory_win.cc(73)] ReadMemory at 0x21384df3390 of 132 bytes failed: Only part of a ReadProcessMemory or WriteProcessMemory request was completed. (0x12B)
[0218/133913.966:ERROR:process_memory_win.cc(73)] ReadMemory at 0x21384df3550 of 126 bytes failed: Only part of a ReadProcessMemory or WriteProcessMemory request was completed. (0x12B)
[0218/133913.966:ERROR:process_memory_win.cc(73)] ReadMemory at 0x21384df3930 of 132 bytes failed: Only part of a ReadProcessMemory or WriteProcessMemory request was completed. (0x12B)
[0218/133913.966:ERROR:process_memory_win.cc(73)] ReadMemory at 0x21384df3ac0 of 64 bytes failed: Only part of a ReadProcessMemory or WriteProcessMemory request was completed. (0x12B)
[0218/133913.966:ERROR:process_memory_win.cc(73)] ReadMemory at 0x21384df3c20 of 132 bytes failed: Only part of a ReadProcessMemory or WriteProcessMemory request was completed. (0x12B)
[0218/133913.966:ERROR:process_memory_win.cc(73)] ReadMemory at 0x21384df3db0 of 60 bytes failed: Only part of a ReadProcessMemory or WriteProcessMemory request was completed. (0x12B)
[0218/133913.966:ERROR:process_memory_win.cc(73)] ReadMemory at 0x21384df3f20 of 132 bytes failed: Only part of a ReadProcessMemory or WriteProcessMemory request was completed. (0x12B)
[0218/133913.966:ERROR:process_memory_win.cc(73)] ReadMemory at 0x21384df40b0 of 68 bytes failed: Only part of a ReadProcessMemory or WriteProcessMemory request was completed. (0x12B)
[0218/133913.966:ERROR:process_memory_win.cc(73)] ReadMemory at 0x21384df50a0 of 132 bytes failed: Only part of a ReadProcessMemory or WriteProcessMemory request was completed. (0x12B)
[0218/133913.966:ERROR:process_memory_win.cc(73)] ReadMemory at 0x21384df51d0 of 64 bytes failed: Only part of a ReadProcessMemory or WriteProcessMemory request was completed. (0x12B)
[0218/133913.966:ERROR:process_memory_win.cc(73)] ReadMemory at 0x21384df5440 of 132 bytes failed: Only part of a ReadProcessMemory or WriteProcessMemory request was completed. (0x12B)
[0218/133913.967:ERROR:process_memory_win.cc(73)] ReadMemory at 0x21384df55d0 of 60 bytes failed: Only part of a ReadProcessMemory or WriteProcessMemory request was completed. (0x12B)
[0218/133913.967:ERROR:process_memory_win.cc(73)] ReadMemory at 0x21384df5620 of 146 bytes failed: Only part of a ReadProcessMemory or WriteProcessMemory request was completed. (0x12B)
[0218/133913.967:ERROR:process_memory_win.cc(73)] ReadMemory at 0x21384df5820 of 132 bytes failed: Only part of a ReadProcessMemory or WriteProcessMemory request was completed. (0x12B)
[0218/133913.967:ERROR:process_memory_win.cc(73)] ReadMemory at 0x21384df59b0 of 62 bytes failed: Only part of a ReadProcessMemory or WriteProcessMemory request was completed. (0x12B)
[0218/133913.967:ERROR:process_memory_win.cc(73)] ReadMemory at 0x21384df5c10 of 132 bytes failed: Only part of a ReadProcessMemory or WriteProcessMemory request was completed. (0x12B)
[0218/133913.967:ERROR:process_memory_win.cc(73)] ReadMemory at 0x21384df5da0 of 60 bytes failed: Only part of a ReadProcessMemory or WriteProcessMemory request was completed. (0x12B)
[0218/133913.967:ERROR:process_memory_win.cc(73)] ReadMemory at 0x21384df6080 of 132 bytes failed: Only part of a ReadProcessMemory or WriteProcessMemory request was completed. (0x12B)
[0218/133913.967:ERROR:process_memory_win.cc(73)] ReadMemory at 0x21384df61f0 of 132 bytes failed: Only part of a ReadProcessMemory or WriteProcessMemory request was completed. (0x12B)
[0218/133913.967:ERROR:process_memory_win.cc(73)] ReadMemory at 0x21384df6430 of 132 bytes failed: Only part of a ReadProcessMemory or WriteProcessMemory request was completed. (0x12B)
[0218/133913.967:ERROR:process_memory_win.cc(73)] ReadMemory at 0x21384df6630 of 154 bytes failed: Only part of a ReadProcessMemory or WriteProcessMemory request was completed. (0x12B)
[0218/133913.967:ERROR:process_memory_win.cc(73)] ReadMemory at 0x21384df7530 of 62 bytes failed: Only part of a ReadProcessMemory or WriteProcessMemory request was completed. (0x12B)
[0218/133913.967:ERROR:process_memory_win.cc(73)] ReadMemory at 0x21384dfb1d0 of 58 bytes failed: Only part of a ReadProcessMemory or WriteProcessMemory request was completed. (0x12B)
[0218/133913.967:ERROR:process_memory_win.cc(73)] ReadMemory at 0x21384dfca00 of 54 bytes failed: Only part of a ReadProcessMemory or WriteProcessMemory request was completed. (0x12B)
[0218/133913.967:ERROR:process_memory_win.cc(73)] ReadMemory at 0x21384e027f0 of 132 bytes failed: Only part of a ReadProcessMemory or WriteProcessMemory request was completed. (0x12B)
[0218/133913.968:ERROR:process_memory_win.cc(73)] ReadMemory at 0x21384e02920 of 132 bytes failed: Only part of a ReadProcessMemory or WriteProcessMemory request was completed. (0x12B)
[0218/133913.968:ERROR:process_memory_win.cc(73)] ReadMemory at 0x21384e02ac0 of 132 bytes failed: Only part of a ReadProcessMemory or WriteProcessMemory request was completed. (0x12B)
[0218/133913.968:ERROR:process_memory_win.cc(73)] ReadMemory at 0x21384e03550 of 132 bytes failed: Only part of a ReadProcessMemory or WriteProcessMemory request was completed. (0x12B)
[0218/133913.968:ERROR:process_memory_win.cc(73)] ReadMemory at 0x21384e03680 of 132 bytes failed: Only part of a ReadProcessMemory or WriteProcessMemory request was completed. (0x12B)
[0218/133913.968:ERROR:process_memory_win.cc(73)] ReadMemory at 0x21384e07710 of 80 bytes failed: Only part of a ReadProcessMemory or WriteProcessMemory request was completed. (0x12B)
[0218/133913.968:ERROR:process_memory_win.cc(73)] ReadMemory at 0x21384e07cb0 of 80 bytes failed: Only part of a ReadProcessMemory or WriteProcessMemory request was completed. (0x12B)
[0218/133913.968:ERROR:process_memory_win.cc(73)] ReadMemory at 0x21384e07e90 of 76 bytes failed: Only part of a ReadProcessMemory or WriteProcessMemory request was completed. (0x12B)
[0218/133913.968:ERROR:process_memory_win.cc(73)] ReadMemory at 0x21384e089f0 of 64 bytes failed: Only part of a ReadProcessMemory or WriteProcessMemory request was completed. (0x12B)
[0218/133913.968:ERROR:process_memory_win.cc(73)] ReadMemory at 0x21384e08a40 of 62 bytes failed: Only part of a ReadProcessMemory or WriteProcessMemory request was completed. (0x12B)
[0218/133913.968:ERROR:process_memory_win.cc(73)] ReadMemory at 0x21384e08ae0 of 64 bytes failed: Only part of a ReadProcessMemory or WriteProcessMemory request was completed. (0x12B)
[0218/133913.968:ERROR:process_memory_win.cc(73)] ReadMemory at 0x21384e08bd0 of 64 bytes failed: Only part of a ReadProcessMemory or WriteProcessMemory request was completed. (0x12B)
[0218/133913.968:ERROR:process_memory_win.cc(73)] ReadMemory at 0x21384e08c20 of 60 bytes failed: Only part of a ReadProcessMemory or WriteProcessMemory request was completed. (0x12B)
[0218/133913.968:ERROR:process_memory_win.cc(73)] ReadMemory at 0x21384e08c70 of 64 bytes failed: Only part of a ReadProcessMemory or WriteProcessMemory request was completed. (0x12B)
[0218/133913.969:ERROR:process_memory_win.cc(73)] ReadMemory at 0x21384e08d60 of 64 bytes failed: Only part of a ReadProcessMemory or WriteProcessMemory request was completed. (0x12B)
[0218/133913.969:ERROR:process_memory_win.cc(73)] ReadMemory at 0x21384e08e00 of 66 bytes failed: Only part of a ReadProcessMemory or WriteProcessMemory request was completed. (0x12B)
[0218/133913.969:ERROR:process_memory_win.cc(73)] ReadMemory at 0x21384e09030 of 60 bytes failed: Only part of a ReadProcessMemory or WriteProcessMemory request was completed. (0x12B)
[0218/133913.969:ERROR:process_memory_win.cc(73)] ReadMemory at 0x21384e09080 of 62 bytes failed: Only part of a ReadProcessMemory or WriteProcessMemory request was completed. (0x12B)
[0218/133913.969:ERROR:process_memory_win.cc(73)] ReadMemory at 0x21384e090d0 of 60 bytes failed: Only part of a ReadProcessMemory or WriteProcessMemory request was completed. (0x12B)
[0218/133913.969:ERROR:process_memory_win.cc(73)] ReadMemory at 0x21384e09170 of 62 bytes failed: Only part of a ReadProcessMemory or WriteProcessMemory request was completed. (0x12B)
[0218/133913.969:ERROR:process_memory_win.cc(73)] ReadMemory at 0x21384e091c0 of 64 bytes failed: Only part of a ReadProcessMemory or WriteProcessMemory request was completed. (0x12B)
[0218/133913.969:ERROR:process_memory_win.cc(73)] ReadMemory at 0x21384e093a0 of 66 bytes failed: Only part of a ReadProcessMemory or WriteProcessMemory request was completed. (0x12B)
[0218/133913.969:ERROR:process_memory_win.cc(73)] ReadMemory at 0x21384e09440 of 60 bytes failed: Only part of a ReadProcessMemory or WriteProcessMemory request was completed. (0x12B)
[0218/133913.969:ERROR:process_memory_win.cc(73)] ReadMemory at 0x21384e09490 of 58 bytes failed: Only part of a ReadProcessMemory or WriteProcessMemory request was completed. (0x12B)
[0218/133913.970:ERROR:process_memory_win.cc(73)] ReadMemory at 0x21384e094e0 of 62 bytes failed: Only part of a ReadProcessMemory or WriteProcessMemory request was completed. (0x12B)
[0218/133913.970:ERROR:process_memory_win.cc(73)] ReadMemory at 0x21384e09530 of 62 bytes failed: Only part of a ReadProcessMemory or WriteProcessMemory request was completed. (0x12B)
[0218/133913.970:ERROR:process_memory_win.cc(73)] ReadMemory at 0x21384e095d0 of 64 bytes failed: Only part of a ReadProcessMemory or WriteProcessMemory request was completed. (0x12B)
[0218/133913.970:ERROR:process_memory_win.cc(73)] ReadMemory at 0x21384e09670 of 62 bytes failed: Only part of a ReadProcessMemory or WriteProcessMemory request was completed. (0x12B)
[0218/133913.970:ERROR:process_memory_win.cc(73)] ReadMemory at 0x21384e097b0 of 62 bytes failed: Only part of a ReadProcessMemory or WriteProcessMemory request was completed. (0x12B)
[0218/133913.970:ERROR:process_memory_win.cc(73)] ReadMemory at 0x21384e16190 of 132 bytes failed: Only part of a ReadProcessMemory or WriteProcessMemory request was completed. (0x12B)
[0218/133913.970:ERROR:process_memory_win.cc(73)] ReadMemory at 0x21384e162c0 of 132 bytes failed: Only part of a ReadProcessMemory or WriteProcessMemory request was completed. (0x12B)
[0218/133913.970:ERROR:process_memory_win.cc(73)] ReadMemory at 0x21384e16520 of 132 bytes failed: Only part of a ReadProcessMemory or WriteProcessMemory request was completed. (0x12B)
[0218/133913.970:ERROR:process_memory_win.cc(73)] ReadMemory at 0x21384e16650 of 132 bytes failed: Only part of a ReadProcessMemory or WriteProcessMemory request was completed. (0x12B)
[0218/133913.970:ERROR:process_memory_win.cc(73)] ReadMemory at 0x21384e16780 of 132 bytes failed: Only part of a ReadProcessMemory or WriteProcessMemory request was completed. (0x12B)
[0218/133913.970:ERROR:process_memory_win.cc(73)] ReadMemory at 0x21384e168b0 of 132 bytes failed: Only part of a ReadProcessMemory or WriteProcessMemory request was completed. (0x12B)
[0218/133913.970:ERROR:process_memory_win.cc(73)] ReadMemory at 0x21384e169e0 of 132 bytes failed: Only part of a ReadProcessMemory or WriteProcessMemory request was completed. (0x12B)
[0218/133913.970:ERROR:process_memory_win.cc(73)] ReadMemory at 0x21384e16b10 of 132 bytes failed: Only part of a ReadProcessMemory or WriteProcessMemory request was completed. (0x12B)
[0218/133913.970:ERROR:process_memory_win.cc(73)] ReadMemory at 0x21384e16c40 of 132 bytes failed: Only part of a ReadProcessMemory or WriteProcessMemory request was completed. (0x12B)
[0218/133913.971:ERROR:process_memory_win.cc(73)] ReadMemory at 0x21384e16d70 of 132 bytes failed: Only part of a ReadProcessMemory or WriteProcessMemory request was completed. (0x12B)
[0218/133913.971:ERROR:process_memory_win.cc(73)] ReadMemory at 0x21384e16ea0 of 132 bytes failed: Only part of a ReadProcessMemory or WriteProcessMemory request was completed. (0x12B)
[0218/133913.971:ERROR:process_memory_win.cc(73)] ReadMemory at 0x21384e16fd0 of 132 bytes failed: Only part of a ReadProcessMemory or WriteProcessMemory request was completed. (0x12B)
[0218/133913.971:ERROR:process_memory_win.cc(73)] ReadMemory at 0x21384e181b0 of 132 bytes failed: Only part of a ReadProcessMemory or WriteProcessMemory request was completed. (0x12B)
[0218/133913.971:ERROR:process_memory_win.cc(73)] ReadMemory at 0x21384e18410 of 132 bytes failed: Only part of a ReadProcessMemory or WriteProcessMemory request was completed. (0x12B)
[0218/133913.971:ERROR:process_memory_win.cc(73)] ReadMemory at 0x21384e18670 of 132 bytes failed: Only part of a ReadProcessMemory or WriteProcessMemory request was completed. (0x12B)
[0218/133913.971:ERROR:process_memory_win.cc(73)] ReadMemory at 0x21384e18a00 of 132 bytes failed: Only part of a ReadProcessMemory or WriteProcessMemory request was completed. (0x12B)
[0218/133913.971:ERROR:process_memory_win.cc(73)] ReadMemory at 0x21384e18b30 of 132 bytes failed: Only part of a ReadProcessMemory or WriteProcessMemory request was completed. (0x12B)
[0218/133913.971:ERROR:process_memory_win.cc(73)] ReadMemory at 0x21384e18c60 of 132 bytes failed: Only part of a ReadProcessMemory or WriteProcessMemory request was completed. (0x12B)
[0218/133913.971:ERROR:process_memory_win.cc(73)] ReadMemory at 0x21384e18d90 of 132 bytes failed: Only part of a ReadProcessMemory or WriteProcessMemory request was completed. (0x12B)
[0218/133913.971:ERROR:process_memory_win.cc(73)] ReadMemory at 0x21384e18ec0 of 132 bytes failed: Only part of a ReadProcessMemory or WriteProcessMemory request was completed. (0x12B)
[0218/133913.971:ERROR:process_memory_win.cc(73)] ReadMemory at 0x21384e18ff0 of 132 bytes failed: Only part of a ReadProcessMemory or WriteProcessMemory request was completed. (0x12B)
[0218/133913.971:ERROR:process_memory_win.cc(73)] ReadMemory at 0x21384e19120 of 132 bytes failed: Only part of a ReadProcessMemory or WriteProcessMemory request was completed. (0x12B)
[0218/133913.971:ERROR:process_memory_win.cc(73)] ReadMemory at 0x21384e19250 of 132 bytes failed: Only part of a ReadProcessMemory or WriteProcessMemory request was completed. (0x12B)
[0218/133913.972:ERROR:process_memory_win.cc(73)] ReadMemory at 0x21384e19970 of 132 bytes failed: Only part of a ReadProcessMemory or WriteProcessMemory request was completed. (0x12B)
[0218/133913.972:ERROR:process_memory_win.cc(73)] ReadMemory at 0x21384e1bdb0 of 62 bytes failed: Only part of a ReadProcessMemory or WriteProcessMemory request was completed. (0x12B)
[0218/133913.972:ERROR:process_memory_win.cc(73)] ReadMemory at 0x21384e1c300 of 62 bytes failed: Only part of a ReadProcessMemory or WriteProcessMemory request was completed. (0x12B)
[0218/133913.972:ERROR:process_memory_win.cc(73)] ReadMemory at 0x21384e1cb70 of 60 bytes failed: Only part of a ReadProcessMemory or WriteProcessMemory request was completed. (0x12B)
[0218/133913.972:ERROR:process_memory_win.cc(73)] ReadMemory at 0x21384e2ed10 of 512 bytes failed: Only part of a ReadProcessMemory or WriteProcessMemory request was completed. (0x12B)
[0218/133913.972:ERROR:process_memory_win.cc(73)] ReadMemory at 0x21384e30730 of 512 bytes failed: Only part of a ReadProcessMemory or WriteProcessMemory request was completed. (0x12B)
[0218/133913.972:ERROR:process_memory_win.cc(73)] ReadMemory at 0x213851310c0 of 512 bytes failed: Only part of a ReadProcessMemory or WriteProcessMemory request was completed. (0x12B)
[0218/133913.972:ERROR:process_memory_win.cc(73)] ReadMemory at 0x21385131cc0 of 512 bytes failed: Only part of a ReadProcessMemory or WriteProcessMemory request was completed. (0x12B)
[0218/133913.972:ERROR:process_memory_win.cc(73)] ReadMemory at 0x21385282520 of 512 bytes failed: Only part of a ReadProcessMemory or WriteProcessMemory request was completed. (0x12B)
[0218/133913.972:ERROR:process_memory_win.cc(73)] ReadMemory at 0x21385284850 of 512 bytes failed: Only part of a ReadProcessMemory or WriteProcessMemory request was completed. (0x12B)
[0218/133913.972:ERROR:process_memory_win.cc(73)] ReadMemory at 0x21385294560 of 712 bytes failed: Only part of a ReadProcessMemory or WriteProcessMemory request was completed. (0x12B)
[0218/133913.972:ERROR:process_memory_win.cc(73)] ReadMemory at 0x213852a8c48 of 512 bytes failed: Only part of a ReadProcessMemory or WriteProcessMemory request was completed. (0x12B)
[0218/133913.972:ERROR:process_memory_win.cc(73)] ReadMemory at 0x213852a8f18 of 512 bytes failed: Only part of a ReadProcessMemory or WriteProcessMemory request was completed. (0x12B)
[0218/133913.972:ERROR:process_memory_win.cc(73)] ReadMemory at 0x213852a9308 of 512 bytes failed: Only part of a ReadProcessMemory or WriteProcessMemory request was completed. (0x12B)
[0218/133913.972:ERROR:process_memory_win.cc(73)] ReadMemory at 0x213852a9668 of 512 bytes failed: Only part of a ReadProcessMemory or WriteProcessMemory request was completed. (0x12B)
[0218/133913.973:ERROR:process_memory_win.cc(73)] ReadMemory at 0x213852aa2c8 of 512 bytes failed: Only part of a ReadProcessMemory or WriteProcessMemory request was completed. (0x12B)
[0218/133913.973:ERROR:process_memory_win.cc(73)] ReadMemory at 0x21387100000 of 384 bytes failed: Only part of a ReadProcessMemory or WriteProcessMemory request was completed. (0x12B)
[0218/133913.973:ERROR:process_memory_win.cc(73)] ReadMemory at 0x21387172dd0 of 512 bytes failed: Only part of a ReadProcessMemory or WriteProcessMemory request was completed. (0x12B)
[0218/133913.973:ERROR:process_memory_win.cc(73)] ReadMemory at 0x2138717a1a0 of 512 bytes failed: Only part of a ReadProcessMemory or WriteProcessMemory request was completed. (0x12B)
[0218/133913.973:ERROR:process_memory_win.cc(73)] ReadMemory at 0x213872224c0 of 512 bytes failed: Only part of a ReadProcessMemory or WriteProcessMemory request was completed. (0x12B)
[0218/133913.973:ERROR:process_memory_win.cc(73)] ReadMemory at 0x213872227a0 of 512 bytes failed: Only part of a ReadProcessMemory or WriteProcessMemory request was completed. (0x12B)
[0218/133913.973:ERROR:process_memory_win.cc(73)] ReadMemory at 0x213872e6398 of 512 bytes failed: Only part of a ReadProcessMemory or WriteProcessMemory request was completed. (0x12B)
[0218/133913.973:ERROR:process_memory_win.cc(73)] ReadMemory at 0x21387bd7330 of 512 bytes failed: Only part of a ReadProcessMemory or WriteProcessMemory request was completed. (0x12B)
[0218/133913.973:ERROR:process_memory_win.cc(73)] ReadMemory at 0x7ffc4a76042c of 512 bytes failed: Only part of a ReadProcessMemory or WriteProcessMemory request was completed. (0x12B)
[0218/133913.973:ERROR:process_memory_win.cc(73)] ReadMemory at 0x7ffc4ae0eb2e of 553 bytes failed: Only part of a ReadProcessMemory or WriteProcessMemory request was completed. (0x12B)
[0218/133913.974:ERROR:process_memory_win.cc(73)] ReadMemory at 0x7ffca07eb6d0 of 512 bytes failed: Only part of a ReadProcessMemory or WriteProcessMemory request was completed. (0x12B)
[0218/133913.974:ERROR:process_memory_win.cc(73)] ReadMemory at 0x7ffca343c0c4 of 672 bytes failed: Only part of a ReadProcessMemory or WriteProcessMemory request was completed. (0x12B)
[0218/133913.974:ERROR:process_memory_win.cc(73)] ReadMemory at 0x7ffca343c6c4 of 512 bytes failed: Only part of a ReadProcessMemory or WriteProcessMemory request was completed. (0x12B)
[0218/133913.974:ERROR:process_memory_win.cc(73)] ReadMemory at 0x7ffca343f974 of 608 bytes failed: Only part of a ReadProcessMemory or WriteProcessMemory request was completed. (0x12B)
[0218/133913.974:ERROR:process_memory_win.cc(73)] ReadMemory at 0x7ffca34cc428 of 18 bytes failed: Only part of a ReadProcessMemory or WriteProcessMemory request was completed. (0x12B)
[0218/133913.974:ERROR:process_memory_win.cc(73)] ReadMemory at 0x7ffca34ff4f8 of 40 bytes failed: Only part of a ReadProcessMemory or WriteProcessMemory request was completed. (0x12B)
[0218/133913.974:ERROR:process_memory_win.cc(73)] ReadMemory at 0x7ffca34ff978 of 48 bytes failed: Only part of a ReadProcessMemory or WriteProcessMemory request was completed. (0x12B)
[0218/133913.974:ERROR:process_memory_win.cc(73)] ReadMemory at 0x7ffca35053c0 of 64 bytes failed: Only part of a ReadProcessMemory or WriteProcessMemory request was completed. (0x12B)
[0218/133913.977:ERROR:scoped_process_suspend.cc(40)] NtResumeProcess: An attempt was made to access an exiting process. (0xc000010a)
